2025-05-25 01:10:47,469 INFO: Mimitos startup [in c:\Users\enzof\OneDrive\Escritorio\mimitos_web\app.py:27]
2025-05-25 01:10:48,453 INFO: Mimitos startup [in c:\Users\enzof\OneDrive\Escritorio\mimitos_web\app.py:27]
2025-05-25 01:10:50,816 INFO: Acceso a la página principal [in c:\Users\enzof\OneDrive\Escritorio\mimitos_web\app.py:104]
2025-05-25 01:11:46,130 INFO: Acceso a la página principal [in c:\Users\enzof\OneDrive\Escritorio\mimitos_web\app.py:104]
2025-05-25 01:12:56,102 INFO: Acceso a la página principal [in c:\Users\enzof\OneDrive\Escritorio\mimitos_web\app.py:104]
2025-05-25 01:14:11,461 INFO: Mimitos startup [in c:\Users\enzof\OneDrive\Escritorio\mimitos_web\app.py:28]
2025-05-25 01:14:29,000 INFO: Mimitos startup [in c:\Users\enzof\OneDrive\Escritorio\mimitos_web\app.py:28]
2025-05-25 01:25:08,258 INFO: Mimitos startup [in c:\Users\enzof\OneDrive\Escritorio\mimitos_web\app.py:28]
2025-05-25 01:25:09,869 INFO: Acceso a la página principal [in c:\Users\enzof\OneDrive\Escritorio\mimitos_web\app.py:105]
2025-05-25 01:26:29,615 INFO: Acceso a la página principal [in c:\Users\enzof\OneDrive\Escritorio\mimitos_web\app.py:105]
2025-05-25 01:27:08,224 INFO: Acceso a la página principal [in c:\Users\enzof\OneDrive\Escritorio\mimitos_web\app.py:105]
2025-05-25 01:27:27,724 ERROR: Error al enviar email de contacto: (530, b'5.7.0 Authentication Required. For more information, go to\n5.7.0  https://support.google.com/accounts/troubleshooter/2402620. d9443c01a7336-23426898297sm14392265ad.245 - gsmtp', 'enzopiro80@gmail.com') [in c:\Users\enzof\OneDrive\Escritorio\mimitos_web\app.py:157]
2025-05-25 01:27:31,718 ERROR: Error al enviar email de contacto: (530, b'5.7.0 Authentication Required. For more information, go to\n5.7.0  https://support.google.com/accounts/troubleshooter/2402620. d2e1a72fcca58-742a9709293sm14864155b3a.37 - gsmtp', 'enzopiro80@gmail.com') [in c:\Users\enzof\OneDrive\Escritorio\mimitos_web\app.py:157]
2025-05-25 01:27:43,391 ERROR: Error al enviar email de contacto: (530, b'5.7.0 Authentication Required. For more information, go to\n5.7.0  https://support.google.com/accounts/troubleshooter/2402620. d9443c01a7336-2342cafc853sm11696455ad.33 - gsmtp', 'enzopiro80@gmail.com') [in c:\Users\enzof\OneDrive\Escritorio\mimitos_web\app.py:157]
2025-05-25 01:27:47,794 ERROR: Error al enviar email de contacto: (530, b'5.7.0 Authentication Required. For more information, go to\n5.7.0  https://support.google.com/accounts/troubleshooter/2402620. 98e67ed59e1d1-3114a9fac2esm353638a91.16 - gsmtp', 'enzopiro80@gmail.com') [in c:\Users\enzof\OneDrive\Escritorio\mimitos_web\app.py:157]
2025-05-25 01:27:50,423 INFO: Acceso a la página principal [in c:\Users\enzof\OneDrive\Escritorio\mimitos_web\app.py:105]
2025-05-25 01:28:03,257 ERROR: Error al enviar email de contacto: (530, b'5.7.0 Authentication Required. For more information, go to\n5.7.0  https://support.google.com/accounts/troubleshooter/2402620. 71dfb90a1353d-52dbab4e96bsm15909851e0c.29 - gsmtp', 'enzopiro80@gmail.com') [in c:\Users\enzof\OneDrive\Escritorio\mimitos_web\app.py:157]
2025-05-25 01:28:31,641 INFO: Mimitos startup [in c:\Users\enzof\OneDrive\Escritorio\mimitos_web\app.py:28]
2025-05-25 01:28:41,845 INFO: Mimitos startup [in c:\Users\enzof\OneDrive\Escritorio\mimitos_web\app.py:28]
2025-05-25 01:28:45,401 INFO: Acceso a la página principal [in c:\Users\enzof\OneDrive\Escritorio\mimitos_web\app.py:105]
2025-05-25 01:29:01,729 INFO: Email de contacto enviado por enzo fernnado [in c:\Users\enzof\OneDrive\Escritorio\mimitos_web\app.py:153]
2025-05-25 02:03:31,681 INFO: Mimitos startup [in c:\Users\enzof\OneDrive\Escritorio\mimitos_web\app.py:28]
2025-05-25 02:03:32,551 INFO: Mimitos startup [in c:\Users\enzof\OneDrive\Escritorio\mimitos_web\app.py:28]
2025-05-25 02:03:35,787 INFO: Acceso a la página principal [in c:\Users\enzof\OneDrive\Escritorio\mimitos_web\app.py:176]
2025-05-25 02:03:35,999 INFO: Acceso a la página principal [in c:\Users\enzof\OneDrive\Escritorio\mimitos_web\app.py:176]
2025-05-25 02:05:03,461 INFO: Mimitos startup [in c:\Users\enzof\OneDrive\Escritorio\mimitos_web\app.py:28]
2025-05-25 02:05:18,757 INFO: Mimitos startup [in c:\Users\enzof\OneDrive\Escritorio\mimitos_web\app.py:28]
2025-05-25 02:05:21,376 INFO: Acceso a la página principal [in c:\Users\enzof\OneDrive\Escritorio\mimitos_web\app.py:176]
2025-05-25 02:07:05,284 INFO: Acceso a la página principal [in c:\Users\enzof\OneDrive\Escritorio\mimitos_web\app.py:176]
2025-05-25 02:08:20,092 INFO: Acceso a la página principal [in c:\Users\enzof\OneDrive\Escritorio\mimitos_web\app.py:176]
2025-05-25 02:15:47,143 INFO: Mimitos startup [in c:\Users\enzof\OneDrive\Escritorio\mimitos_web\app.py:28]
2025-05-25 02:52:05,053 INFO: Mimitos startup [in c:\Users\enzof\OneDrive\Escritorio\mimitos_web\app.py:28]
2025-05-25 02:52:05,866 INFO: Mimitos startup [in c:\Users\enzof\OneDrive\Escritorio\mimitos_web\app.py:28]
2025-05-25 02:52:08,714 INFO: Acceso a la página principal [in c:\Users\enzof\OneDrive\Escritorio\mimitos_web\app.py:504]
2025-05-25 03:28:05,382 INFO: Mimitos startup [in c:\Users\enzof\OneDrive\Escritorio\mimitos_web\app.py:29]
2025-05-25 03:28:06,380 INFO: Mimitos startup [in c:\Users\enzof\OneDrive\Escritorio\mimitos_web\app.py:29]
2025-05-25 03:28:14,901 INFO: Acceso a la página principal [in c:\Users\enzof\OneDrive\Escritorio\mimitos_web\app.py:505]
2025-05-25 03:28:14,967 INFO: Acceso a la página principal [in c:\Users\enzof\OneDrive\Escritorio\mimitos_web\app.py:505]
2025-05-25 03:28:15,044 INFO: Acceso a la página principal [in c:\Users\enzof\OneDrive\Escritorio\mimitos_web\app.py:505]
2025-05-25 03:29:25,776 INFO: Acceso a la página principal [in c:\Users\enzof\OneDrive\Escritorio\mimitos_web\app.py:505]
2025-05-25 03:29:29,038 INFO: Acceso a la página principal [in c:\Users\enzof\OneDrive\Escritorio\mimitos_web\app.py:505]
2025-05-25 03:29:37,403 INFO: Acceso a la página principal [in c:\Users\enzof\OneDrive\Escritorio\mimitos_web\app.py:505]
2025-05-25 03:30:17,003 INFO: Acceso a la página principal [in c:\Users\enzof\OneDrive\Escritorio\mimitos_web\app.py:505]
2025-05-25 03:30:19,636 INFO: Acceso a la página principal [in c:\Users\enzof\OneDrive\Escritorio\mimitos_web\app.py:505]
2025-05-25 03:30:51,483 INFO: Acceso a la página principal [in c:\Users\enzof\OneDrive\Escritorio\mimitos_web\app.py:505]
2025-05-25 03:30:56,164 INFO: Acceso a la página principal [in c:\Users\enzof\OneDrive\Escritorio\mimitos_web\app.py:505]
2025-05-25 03:30:57,387 INFO: Acceso a la página principal [in c:\Users\enzof\OneDrive\Escritorio\mimitos_web\app.py:505]
2025-05-25 03:31:05,496 INFO: Acceso a la página principal [in c:\Users\enzof\OneDrive\Escritorio\mimitos_web\app.py:505]
2025-05-25 03:31:09,898 INFO: Acceso a la página principal [in c:\Users\enzof\OneDrive\Escritorio\mimitos_web\app.py:505]
2025-05-25 03:31:51,745 INFO: Acceso a la página principal [in c:\Users\enzof\OneDrive\Escritorio\mimitos_web\app.py:505]
2025-05-25 03:32:17,050 INFO: Acceso a la página principal [in c:\Users\enzof\OneDrive\Escritorio\mimitos_web\app.py:505]
2025-05-25 03:32:35,326 INFO: Acceso a la página principal [in c:\Users\enzof\OneDrive\Escritorio\mimitos_web\app.py:505]
2025-05-25 03:33:08,098 INFO: Mimitos startup [in c:\Users\enzof\OneDrive\Escritorio\mimitos_web\app.py:29]
2025-05-25 03:33:11,577 INFO: Mimitos startup [in c:\Users\enzof\OneDrive\Escritorio\mimitos_web\app.py:29]
2025-05-25 03:33:27,818 INFO: Acceso a la página principal [in c:\Users\enzof\OneDrive\Escritorio\mimitos_web\app.py:505]
2025-05-25 03:33:40,330 INFO: Acceso a la página principal [in c:\Users\enzof\OneDrive\Escritorio\mimitos_web\app.py:505]
2025-05-25 03:33:52,197 INFO: Acceso a la página principal [in c:\Users\enzof\OneDrive\Escritorio\mimitos_web\app.py:505]
2025-05-25 03:34:40,145 INFO: Acceso a la página principal [in c:\Users\enzof\OneDrive\Escritorio\mimitos_web\app.py:505]
2025-05-25 03:34:58,775 INFO: Acceso a la página principal [in c:\Users\enzof\OneDrive\Escritorio\mimitos_web\app.py:505]
2025-05-25 03:35:38,439 INFO: Mimitos startup [in c:\Users\enzof\OneDrive\Escritorio\mimitos_web\app.py:29]
2025-05-25 03:35:40,830 INFO: Mimitos startup [in c:\Users\enzof\OneDrive\Escritorio\mimitos_web\app.py:29]
2025-05-25 13:37:11,816 INFO: Mimitos startup [in C:\Users\enzof\OneDrive\Escritorio\mimitos_web\app.py:30]
2025-05-25 13:37:13,278 INFO: Mimitos startup [in C:\Users\enzof\OneDrive\Escritorio\mimitos_web\app.py:30]
2025-05-25 13:37:22,832 INFO: Acceso a la página principal [in C:\Users\enzof\OneDrive\Escritorio\mimitos_web\app.py:506]
2025-05-25 13:37:22,906 INFO: Acceso a la página principal [in C:\Users\enzof\OneDrive\Escritorio\mimitos_web\app.py:506]
2025-05-25 13:39:54,544 INFO: Mimitos startup [in C:\Users\enzof\OneDrive\Escritorio\mimitos_web\app.py:30]
2025-05-25 13:39:55,503 INFO: Mimitos startup [in C:\Users\enzof\OneDrive\Escritorio\mimitos_web\app.py:30]
2025-05-25 13:40:24,317 INFO: Acceso a la página principal [in C:\Users\enzof\OneDrive\Escritorio\mimitos_web\app.py:506]
2025-05-25 13:40:47,562 INFO: Mimitos startup [in C:\Users\enzof\OneDrive\Escritorio\mimitos_web\app.py:30]
2025-05-25 13:40:49,968 INFO: Mimitos startup [in C:\Users\enzof\OneDrive\Escritorio\mimitos_web\app.py:30]
2025-05-25 13:41:10,515 INFO: Mimitos startup [in c:\Users\enzof\OneDrive\Escritorio\mimitos_web\app.py:30]
2025-05-25 13:41:11,383 INFO: Mimitos startup [in c:\Users\enzof\OneDrive\Escritorio\mimitos_web\app.py:30]
2025-05-25 13:41:16,259 INFO: Acceso a la página principal [in C:\Users\enzof\OneDrive\Escritorio\mimitos_web\app.py:506]
2025-05-25 13:41:23,292 INFO: Acceso a la página principal [in C:\Users\enzof\OneDrive\Escritorio\mimitos_web\app.py:506]
2025-05-25 13:44:26,827 INFO: Mimitos startup [in c:\Users\enzof\OneDrive\Escritorio\mimitos_web\app.py:32]
2025-05-25 13:44:26,831 INFO: Mimitos startup [in C:\Users\enzof\OneDrive\Escritorio\mimitos_web\app.py:32]
2025-05-25 13:44:35,240 INFO: Mimitos startup [in c:\Users\enzof\OneDrive\Escritorio\mimitos_web\app.py:32]
